<?xml version="1.0" encoding="UTF-8"?>
<!-- Generated by org.testng.reporters.JUnitReportReporter -->
<testsuite hostname="DESKTOP-9OJ0MAP" failures="0" tests="3" name="com.SauceDemo.TestClasses.TC02AddtochartFunctionality" time="13.224" errors="0" timestamp="2022-04-15T17:59:51 IST" skipped="0">
  <testcase classname="com.SauceDemo.TestClasses.TC02AddtochartFunctionality" name="verifyAddTocartFunctionality" time="5.828"/>
  <system-out/>
  <testcase classname="com.SauceDemo.TestClasses.TC02AddtochartFunctionality" name="verifyAddTocartFunctionality" time="4.149"/>
  <system-out/>
  <testcase classname="com.SauceDemo.TestClasses.TC02AddtochartFunctionality" name="verifyAddTocartFunctionality" time="3.247"/>
  <system-out/>
</testsuite> <!-- com.SauceDemo.TestClasses.TC02AddtochartFunctionality -->
