<?xml version="1.0" encoding="UTF-8"?>
<!-- Generated by org.testng.reporters.JUnitReportReporter -->
<testsuite hostname="DESKTOP-9OJ0MAP" failures="0" tests="2" name="com.SauceDemo.TestClasses.TC07Handledropdown" time="3.807" errors="0" timestamp="2022-04-15T17:59:51 IST" skipped="0">
  <testcase classname="com.SauceDemo.TestClasses.TC07Handledropdown" name="verifyDropDown" time="1.299"/>
  <system-out/>
  <testcase classname="com.SauceDemo.TestClasses.TC07Handledropdown" name="verifyDropDown" time="2.508"/>
  <system-out/>
</testsuite> <!-- com.SauceDemo.TestClasses.TC07Handledropdown -->
